# JRE version: OpenJDK Runtime Environment (8.0_152-b01) (build 1.8.0_152-release-1343-b01)
# Java VM: OpenJDK 64-Bit Server VM (25.152-b01 mixed mode windows-amd64 compressed oops)
Heap:
 PSYoungGen      total 107520K, used 83373K [0x00000000e0000000, 0x00000000e8f00000, 0x0000000100000000)
  eden space 95232K, 87% used [0x00000000e0000000,0x00000000e516b788,0x00000000e5d00000)
  from space 12288K, 0% used [0x00000000e5d00000,0x00000000e5d00000,0x00000000e6900000)
  to   space 11776K, 0% used [0x00000000e8380000,0x00000000e8380000,0x00000000e8f00000)
 ParOldGen       total 97792K, used 14848K [0x00000000a0000000, 0x00000000a5f80000, 0x00000000e0000000)
  object space 97792K, 15% used [0x00000000a0000000,0x00000000a0e800d0,0x00000000a5f80000)
 Metaspace       used 40979K, capacity 41752K, committed 42112K, reserved 1085440K
  class space    used 5481K, capacity 5698K, committed 5760K, reserved 1048576K
GC Heap History (10 events):
Event: 3.780 GC heap before
{Heap before GC invocations=7 (full 1):
 PSYoungGen      total 75776K, used 8245K [0x00000000e0000000, 0x00000000e5700000, 0x0000000100000000)
  eden space 65536K, 0% used [0x00000000e0000000,0x00000000e0000000,0x00000000e4000000)
  from space 10240K, 80% used [0x00000000e4b00000,0x00000000e530d5a0,0x00000000e5500000)
  to   space 11264K, 0% used [0x00000000e4000000,0x00000000e4000000,0x00000000e4b00000)
 ParOldGen       total 87552K, used 7434K [0x00000000a0000000, 0x00000000a5580000, 0x00000000e0000000)
  object space 87552K, 8% used [0x00000000a0000000,0x00000000a0742800,0x00000000a5580000)
 Metaspace       used 20673K, capacity 21180K, committed 21296K, reserved 1067008K
  class space    used 2963K, capacity 3168K, committed 3200K, reserved 1048576K
Event: 3.841 GC heap after
Heap after GC invocations=7 (full 1):
 PSYoungGen      total 75776K, used 0K [0x00000000e0000000, 0x00000000e5700000, 0x0000000100000000)
  eden space 65536K, 0% used [0x00000000e0000000,0x00000000e0000000,0x00000000e4000000)
  from space 10240K, 0% used [0x00000000e4b00000,0x00000000e4b00000,0x00000000e5500000)
  to   space 11264K, 0% used [0x00000000e4000000,0x00000000e4000000,0x00000000e4b00000)
 ParOldGen       total 63488K, used 8943K [0x00000000a0000000, 0x00000000a3e00000, 0x00000000e0000000)
  object space 63488K, 14% used [0x00000000a0000000,0x00000000a08bbca0,0x00000000a3e00000)
 Metaspace       used 20673K, capacity 21180K, committed 21296K, reserved 1067008K
  class space    used 2963K, capacity 3168K, committed 3200K, reserved 1048576K
}
Event: 4.634 GC heap before
{Heap before GC invocations=8 (full 1):
 PSYoungGen      total 75776K, used 65536K [0x00000000e0000000, 0x00000000e5700000, 0x0000000100000000)
  eden space 65536K, 100% used [0x00000000e0000000,0x00000000e4000000,0x00000000e4000000)
  from space 10240K, 0% used [0x00000000e4b00000,0x00000000e4b00000,0x00000000e5500000)
  to   space 11264K, 0% used [0x00000000e4000000,0x00000000e4000000,0x00000000e4b00000)
 ParOldGen       total 63488K, used 8943K [0x00000000a0000000, 0x00000000a3e00000, 0x00000000e0000000)
  object space 63488K, 14% used [0x00000000a0000000,0x00000000a08bbca0,0x00000000a3e00000)
 Metaspace       used 29820K, capacity 30418K, committed 30848K, reserved 1075200K
  class space    used 3954K, capacity 4147K, committed 4224K, reserved 1048576K
Event: 4.643 GC heap after
Heap after GC invocations=8 (full 1):
 PSYoungGen      total 76800K, used 9355K [0x00000000e0000000, 0x00000000e7580000, 0x0000000100000000)
  eden space 65536K, 0% used [0x00000000e0000000,0x00000000e0000000,0x00000000e4000000)
  from space 11264K, 83% used [0x00000000e4000000,0x00000000e4922df8,0x00000000e4b00000)
  to   space 11776K, 0% used [0x00000000e6a00000,0x00000000e6a00000,0x00000000e7580000)
 ParOldGen       total 63488K, used 8951K [0x00000000a0000000, 0x00000000a3e00000, 0x00000000e0000000)
  object space 63488K, 14% used [0x00000000a0000000,0x00000000a08bdca0,0x00000000a3e00000)
 Metaspace       used 29820K, capacity 30418K, committed 30848K, reserved 1075200K
  class space    used 3954K, capacity 4147K, committed 4224K, reserved 1048576K
}
Event: 5.369 GC heap before
{Heap before GC invocations=9 (full 1):
 PSYoungGen      total 76800K, used 74888K [0x00000000e0000000, 0x00000000e7580000, 0x0000000100000000)
  eden space 65536K, 99% used [0x00000000e0000000,0x00000000e3fff210,0x00000000e4000000)
  from space 11264K, 83% used [0x00000000e4000000,0x00000000e4922df8,0x00000000e4b00000)
  to   space 11776K, 0% used [0x00000000e6a00000,0x00000000e6a00000,0x00000000e7580000)
 ParOldGen       total 63488K, used 8951K [0x00000000a0000000, 0x00000000a3e00000, 0x00000000e0000000)
  object space 63488K, 14% used [0x00000000a0000000,0x00000000a08bdca0,0x00000000a3e00000)
 Metaspace       used 32892K, capacity 33490K, committed 33920K, reserved 1079296K
  class space    used 4452K, capacity 4653K, committed 4736K, reserved 1048576K
Event: 5.376 GC heap after
Heap after GC invocations=9 (full 1):
 PSYoungGen      total 106496K, used 8535K [0x00000000e0000000, 0x00000000e7500000, 0x0000000100000000)
  eden space 95232K, 0% used [0x00000000e0000000,0x00000000e0000000,0x00000000e5d00000)
  from space 11264K, 75% used [0x00000000e6a00000,0x00000000e7255c60,0x00000000e7500000)
  to   space 12288K, 0% used [0x00000000e5d00000,0x00000000e5d00000,0x00000000e6900000)
 ParOldGen       total 63488K, used 8959K [0x00000000a0000000, 0x00000000a3e00000, 0x00000000e0000000)
  object space 63488K, 14% used [0x00000000a0000000,0x00000000a08bfca0,0x00000000a3e00000)
 Metaspace       used 32892K, capacity 33490K, committed 33920K, reserved 1079296K
  class space    used 4452K, capacity 4653K, committed 4736K, reserved 1048576K
}
Event: 5.848 GC heap before
{Heap before GC invocations=10 (full 1):
 PSYoungGen      total 106496K, used 48410K [0x00000000e0000000, 0x00000000e7500000, 0x0000000100000000)
  eden space 95232K, 41% used [0x00000000e0000000,0x00000000e26f0d58,0x00000000e5d00000)
  from space 11264K, 75% used [0x00000000e6a00000,0x00000000e7255c60,0x00000000e7500000)
  to   space 12288K, 0% used [0x00000000e5d00000,0x00000000e5d00000,0x00000000e6900000)
 ParOldGen       total 63488K, used 8959K [0x00000000a0000000, 0x00000000a3e00000, 0x00000000e0000000)
  object space 63488K, 14% used [0x00000000a0000000,0x00000000a08bfca0,0x00000000a3e00000)
 Metaspace       used 34574K, capacity 35196K, committed 35456K, reserved 1079296K
  class space    used 4693K, capacity 4922K, committed 4992K, reserved 1048576K
Event: 5.858 GC heap after
Heap after GC invocations=10 (full 1):
 PSYoungGen      total 107520K, used 8288K [0x00000000e0000000, 0x00000000e8f00000, 0x0000000100000000)
  eden space 95232K, 0% used [0x00000000e0000000,0x00000000e0000000,0x00000000e5d00000)
  from space 12288K, 67% used [0x00000000e5d00000,0x00000000e6518170,0x00000000e6900000)
  to   space 11776K, 0% used [0x00000000e8380000,0x00000000e8380000,0x00000000e8f00000)
 ParOldGen       total 63488K, used 8967K [0x00000000a0000000, 0x00000000a3e00000, 0x00000000e0000000)
  object space 63488K, 14% used [0x00000000a0000000,0x00000000a08c1ca0,0x00000000a3e00000)
 Metaspace       used 34574K, capacity 35196K, committed 35456K, reserved 1079296K
  class space    used 4693K, capacity 4922K, committed 4992K, reserved 1048576K
}
Event: 5.858 GC heap before
{Heap before GC invocations=11 (full 2):
 PSYoungGen      total 107520K, used 8288K [0x00000000e0000000, 0x00000000e8f00000, 0x0000000100000000)
  eden space 95232K, 0% used [0x00000000e0000000,0x00000000e0000000,0x00000000e5d00000)
  from space 12288K, 67% used [0x00000000e5d00000,0x00000000e6518170,0x00000000e6900000)
  to   space 11776K, 0% used [0x00000000e8380000,0x00000000e8380000,0x00000000e8f00000)
 ParOldGen       total 63488K, used 8967K [0x00000000a0000000, 0x00000000a3e00000, 0x00000000e0000000)
  object space 63488K, 14% used [0x00000000a0000000,0x00000000a08c1ca0,0x00000000a3e00000)
 Metaspace       used 34574K, capacity 35196K, committed 35456K, reserved 1079296K
  class space    used 4693K, capacity 4922K, committed 4992K, reserved 1048576K
Event: 5.906 GC heap after
Heap after GC invocations=11 (full 2):
 PSYoungGen      total 107520K, used 0K [0x00000000e0000000, 0x00000000e8f00000, 0x0000000100000000)
  eden space 95232K, 0% used [0x00000000e0000000,0x00000000e0000000,0x00000000e5d00000)
  from space 12288K, 0% used [0x00000000e5d00000,0x00000000e5d00000,0x00000000e6900000)
  to   space 11776K, 0% used [0x00000000e8380000,0x00000000e8380000,0x00000000e8f00000)
 ParOldGen       total 97792K, used 14848K [0x00000000a0000000, 0x00000000a5f80000, 0x00000000e0000000)
  object space 97792K, 15% used [0x00000000a0000000,0x00000000a0e800d0,0x00000000a5f80000)
 Metaspace       used 34551K, capacity 35166K, committed 35456K, reserved 1079296K
  class space    used 4685K, capacity 4912K, committed 4992K, reserved 1048576K
}

